<?xml version="1.0" encoding="UTF-8"?>
<!-- Generated by org.testng.reporters.JUnitReportReporter -->
<testsuite hostname="ebemployee-146" failures="0" tests="4" name="runners.TestRunner" time="24.189" errors="0" timestamp="2026-04-02T22:40:30 IST" skipped="0">
  <testcase classname="runners.TestRunner" name="runScenario" time="4.152"/>
  <testcase classname="runners.TestRunner" name="runScenario" time="9.231"/>
  <testcase classname="runners.TestRunner" name="runScenario" time="4.894"/>
  <testcase classname="runners.TestRunner" name="runScenario" time="5.912"/>
</testsuite> <!-- runners.TestRunner -->
