<?xml version="1.0" encoding="UTF-8"?>
<!-- Generated by org.testng.reporters.JUnitReportReporter -->
<testsuite hostname="ebemployee-146" failures="0" tests="4" name="runners.TestRunner2$ParallelRunner" time="21.978" errors="0" timestamp="2026-04-03T00:27:28 IST" skipped="0">
  <testcase classname="runners.TestRunner2$ParallelRunner" name="runScenario" time="3.761"/>
  <testcase classname="runners.TestRunner2$ParallelRunner" name="runScenario" time="4.502"/>
  <testcase classname="runners.TestRunner2$ParallelRunner" name="runScenario" time="6.178"/>
  <testcase classname="runners.TestRunner2$ParallelRunner" name="runScenario" time="7.537"/>
</testsuite> <!-- runners.TestRunner2$ParallelRunner -->
